<?xml version="1.0" encoding="UTF-8"?>
<testsuite name="finalmelontoken.sharestudying.ShareStudyingApplicationTests" tests="1" skipped="0" failures="0" errors="0" timestamp="2023-08-17T02:03:47" hostname="172.20.nate.com" time="0.252">
  <properties/>
  <testcase name="contextLoads()" classname="finalmelontoken.sharestudying.ShareStudyingApplicationTests" time="0.252"/>
  <system-out><![CDATA[11:03:45.600 [Test worker] INFO org.springframework.test.context.support.AnnotationConfigContextLoaderUtils -- Could not detect default configuration classes for test class [finalmelontoken.sharestudying.ShareStudyingApplicationTests]: ShareStudyingApplicationTests does not declare any static, non-private, non-final, nested classes annotated with @Configuration.
11:03:45.639 [Test worker] INFO org.springframework.boot.test.context.SpringBootTestContextBootstrapper -- Found @SpringBootConfiguration finalmelontoken.sharestudying.ShareStudyingApplication for test class finalmelontoken.sharestudying.ShareStudyingApplicationTests

  .   ____          _            __ _ _
 /\\ / ___'_ __ _ _(_)_ __  __ _ \ \ \ \
( ( )\___ | '_ | '_| | '_ \/ _` | \ \ \ \
 \\/  ___)| |_)| | | | | || (_| |  ) ) ) )
  '  |____| .__|_| |_|_| |_\__, | / / / /
 =========|_|==============|___/=/_/_/_/
 :: Spring Boot ::                (v3.1.1)

2023-08-17T11:03:45.779+09:00  INFO 23145 --- [    Test worker] f.s.ShareStudyingApplicationTests        : Starting ShareStudyingApplicationTests using Java 17.0.5 with PID 23145 (started by dgsw8th46 in /Users/dgsw8th46/project/shareStudying/FMT_DB_SERVER)
2023-08-17T11:03:45.780+09:00  INFO 23145 --- [    Test worker] f.s.ShareStudyingApplicationTests        : No active profile set, falling back to 1 default profile: "default"
2023-08-17T11:03:46.043+09:00  INFO 23145 --- [    Test worker] .s.d.r.c.RepositoryConfigurationDelegate : Bootstrapping Spring Data JPA repositories in DEFAULT mode.
2023-08-17T11:03:46.074+09:00  INFO 23145 --- [    Test worker] .s.d.r.c.RepositoryConfigurationDelegate : Finished Spring Data repository scanning in 27 ms. Found 3 JPA repository interfaces.
2023-08-17T11:03:46.245+09:00  INFO 23145 --- [    Test worker] o.hibernate.jpa.internal.util.LogHelper  : HHH000204: Processing PersistenceUnitInfo [name: default]
2023-08-17T11:03:46.261+09:00  INFO 23145 --- [    Test worker] org.hibernate.Version                    : HHH000412: Hibernate ORM core version 6.2.5.Final
2023-08-17T11:03:46.262+09:00  INFO 23145 --- [    Test worker] org.hibernate.cfg.Environment            : HHH000406: Using bytecode reflection optimizer
2023-08-17T11:03:46.307+09:00  INFO 23145 --- [    Test worker] o.h.b.i.BytecodeProviderInitiator        : HHH000021: Bytecode provider name : bytebuddy
2023-08-17T11:03:46.351+09:00  INFO 23145 --- [    Test worker] o.s.o.j.p.SpringPersistenceUnitInfo      : No LoadTimeWeaver setup: ignoring JPA class transformer
2023-08-17T11:03:46.357+09:00  INFO 23145 --- [    Test worker] com.zaxxer.hikari.HikariDataSource       : HikariPool-1 - Starting...
2023-08-17T11:03:46.493+09:00  INFO 23145 --- [    Test worker] com.zaxxer.hikari.pool.HikariPool        : HikariPool-1 - Added connection com.mysql.cj.jdbc.ConnectionImpl@7fe87c0e
2023-08-17T11:03:46.494+09:00  INFO 23145 --- [    Test worker] com.zaxxer.hikari.HikariDataSource       : HikariPool-1 - Start completed.
2023-08-17T11:03:46.610+09:00  INFO 23145 --- [    Test worker] o.h.b.i.BytecodeProviderInitiator        : HHH000021: Bytecode provider name : bytebuddy
2023-08-17T11:03:46.919+09:00  INFO 23145 --- [    Test worker] o.h.e.t.j.p.i.JtaPlatformInitiator       : HHH000490: Using JtaPlatform implementation: [org.hibernate.engine.transaction.jta.platform.internal.NoJtaPlatform]
2023-08-17T11:03:46.920+09:00  INFO 23145 --- [    Test worker] j.LocalContainerEntityManagerFactoryBean : Initialized JPA EntityManagerFactory for persistence unit 'default'
2023-08-17T11:03:47.040+09:00  INFO 23145 --- [    Test worker] o.s.d.j.r.query.QueryEnhancerFactory     : Hibernate is in classpath; If applicable, HQL parser will be used.
2023-08-17T11:03:47.399+09:00  INFO 23145 --- [    Test worker] o.s.s.web.DefaultSecurityFilterChain     : Will secure any request with [org.springframework.security.web.session.DisableEncodeUrlFilter@62ccbd95, org.springframework.security.web.context.request.async.WebAsyncManagerIntegrationFilter@49696c41, org.springframework.security.web.context.SecurityContextHolderFilter@6b56e8ee, org.springframework.security.web.header.HeaderWriterFilter@19544898, org.springframework.web.filter.CorsFilter@595713f3, org.springframework.security.web.authentication.logout.LogoutFilter@2763500e, org.springframework.security.web.savedrequest.RequestCacheAwareFilter@1377e395, org.springframework.security.web.servletapi.SecurityContextHolderAwareRequestFilter@6f3cf9ac, org.springframework.security.web.authentication.AnonymousAuthenticationFilter@7bbd133c, org.springframework.security.web.access.ExceptionTranslationFilter@2395c168, org.springframework.security.web.access.intercept.FilterSecurityInterceptor@806a687]
2023-08-17T11:03:47.522+09:00  INFO 23145 --- [    Test worker] f.s.ShareStudyingApplicationTests        : Started ShareStudyingApplicationTests in 1.831 seconds (process running for 2.236)
]]></system-out>
  <system-err><![CDATA[]]></system-err>
</testsuite>
